/*C13*/SET SCHEMA PUBLIC
DISCONNECT
/*C14*/SET SCHEMA PUBLIC
DISCONNECT
/*C15*/SET SCHEMA PUBLIC
DISCONNECT
/*C16*/SET SCHEMA PUBLIC
DISCONNECT
/*C17*/SET SCHEMA PUBLIC
DELETE FROM RENTAL_PROPERTY WHERE PROPERTYID='A_001'
INSERT INTO RENTAL_PROPERTY VALUES('A_001',154,'Station Street','Carlton',2,'Apartment','Available','09/10/2018','description','A_001.jpg')
COMMIT
DISCONNECT
/*C18*/SET SCHEMA PUBLIC
DISCONNECT
/*C19*/SET SCHEMA PUBLIC
DISCONNECT
/*C20*/SET SCHEMA PUBLIC
DELETE FROM RENTAL_PROPERTY WHERE PROPERTYID='A_001'
INSERT INTO RENTAL_PROPERTY VALUES('A_001',154,'Station Street','Carlton',2,'Apartment','UnderMaintenance','09/10/2018','description','A_001.jpg')
COMMIT
DISCONNECT
/*C21*/SET SCHEMA PUBLIC
DISCONNECT
/*C22*/SET SCHEMA PUBLIC
DISCONNECT
/*C23*/SET SCHEMA PUBLIC
DELETE FROM RENTAL_PROPERTY WHERE PROPERTYID='A_001'
INSERT INTO RENTAL_PROPERTY VALUES('A_001',154,'Station Street','Carlton',2,'Apartment','Available','09/10/2018','description','A_001.jpg')
COMMIT
DISCONNECT
/*C24*/SET SCHEMA PUBLIC
DISCONNECT
/*C25*/SET SCHEMA PUBLIC
DISCONNECT
/*C26*/SET SCHEMA PUBLIC
DELETE FROM RENTAL_PROPERTY WHERE PROPERTYID='A_001'
INSERT INTO RENTAL_PROPERTY VALUES('A_001',154,'Station Street','Carlton',2,'Apartment','UnderMaintenance','09/10/2018','description','A_001.jpg')
COMMIT
DISCONNECT
/*C27*/SET SCHEMA PUBLIC
DISCONNECT
/*C28*/SET SCHEMA PUBLIC
DISCONNECT
/*C29*/SET SCHEMA PUBLIC
DELETE FROM RENTAL_PROPERTY WHERE PROPERTYID='A_001'
INSERT INTO RENTAL_PROPERTY VALUES('A_001',154,'Station Street','Carlton',2,'Apartment','Available','09/10/2018','description','A_001.jpg')
COMMIT
DISCONNECT
/*C30*/SET SCHEMA PUBLIC
DISCONNECT
/*C31*/SET SCHEMA PUBLIC
DISCONNECT
/*C32*/SET SCHEMA PUBLIC
DISCONNECT
/*C33*/SET SCHEMA PUBLIC
DISCONNECT
/*C34*/SET SCHEMA PUBLIC
DELETE FROM RENTAL_PROPERTY WHERE PROPERTYID='A_002'
INSERT INTO RENTAL_PROPERTY VALUES('A_002',73,'Winlow Crescent','Caring Wood',3,'Apartment','UnderMaintenance','09/10/2018','description','A_002.jpg')
COMMIT
DISCONNECT
/*C35*/SET SCHEMA PUBLIC
DISCONNECT
/*C36*/SET SCHEMA PUBLIC
DISCONNECT
/*C37*/SET SCHEMA PUBLIC
DELETE FROM RENTAL_PROPERTY WHERE PROPERTYID='A_002'
INSERT INTO RENTAL_PROPERTY VALUES('A_002',73,'Winlow Crescent','Caring Wood',3,'Apartment','Available','09/10/2018','description','A_002.jpg')
COMMIT
DISCONNECT
/*C38*/SET SCHEMA PUBLIC
DISCONNECT
